Chapter06/app/build/outputs/logs/manifest-merger-debug-report.txt
-- Merging decision tree log ---
manifest
ADDED from src/main/AndroidManifest.xml:2:1-172:12
	package
		ADDED from src/main/AndroidManifest.xml:3:5-48
		INJECTED from src/main/AndroidManifest.xml
		INJECTED from src/main/AndroidManifest.xml
	android:versionName
		ADDED from src/main/AndroidManifest.xml:5:5-30
	android:versionCode
		ADDED from src/main/AndroidManifest.xml:4:5-28
		INJECTED from src/main/AndroidManifest.xml
		INJECTED from src/main/AndroidManifest.xml
	xmlns:android
		ADDED from src/main/AndroidManifest.xml:2:11-69
uses-sdk
ADDED from src/main/AndroidManifest.xml:7:5-9:41
	android:targetSdkVersion
		ADDED from src/main/AndroidManifest.xml:9:9-38
		INJECTED from src/main/AndroidManifest.xml
		INJECTED from src/main/AndroidManifest.xml
	android:minSdkVersion
		ADDED from src/main/AndroidManifest.xml:8:9-35
		INJECTED from src/main/AndroidManifest.xml
		INJECTED from src/main/AndroidManifest.xml
application
ADDED from src/main/AndroidManifest.xml:11:5-170:19
	android:label
		ADDED from src/main/AndroidManifest.xml:14:9-41
	android:allowBackup
		ADDED from src/main/AndroidManifest.xml:12:9-35
	android:icon
		ADDED from src/main/AndroidManifest.xml:13:9-45
	android:theme
		ADDED from src/main/AndroidManifest.xml:15:9-40
activity#jp.co.se.android.recipe.common.MainActivity
ADDED from src/main/AndroidManifest.xml:16:9-24:20
	android:label
		ADDED from src/main/AndroidManifest.xml:18:13-45
	android:name
		ADDED from src/main/AndroidManifest.xml:17:13-71
intent-filter#android.intent.action.MAIN+android.intent.category.LAUNCHER
ADDED from src/main/AndroidManifest.xml:19:13-23:29
action#android.intent.action.MAIN
ADDED from src/main/AndroidManifest.xml:20:17-69
	android:name
		ADDED from src/main/AndroidManifest.xml:20:25-66
category#android.intent.category.LAUNCHER
ADDED from src/main/AndroidManifest.xml:22:17-77
	android:name
		ADDED from src/main/AndroidManifest.xml:22:27-74
activity#jp.co.se.android.recipe.chapter06.Ch0601
ADDED from src/main/AndroidManifest.xml:25:9-33:20
	android:label
		ADDED from src/main/AndroidManifest.xml:27:13-47
	android:name
		ADDED from src/main/AndroidManifest.xml:26:13-35
intent-filter#android.intent.action.MAIN+android.intent.category.SAMPLE_CODE
ADDED from src/main/AndroidManifest.xml:28:13-32:29
category#android.intent.category.SAMPLE_CODE
ADDED from src/main/AndroidManifest.xml:31:17-80
	android:name
		ADDED from src/main/AndroidManifest.xml:31:27-77
activity#jp.co.se.android.recipe.chapter06.Ch0602
ADDED from src/main/AndroidManifest.xml:34:9-42:20
	android:label
		ADDED from src/main/AndroidManifest.xml:36:13-47
	android:name
		ADDED from src/main/AndroidManifest.xml:35:13-35
activity#jp.co.se.android.recipe.chapter06.Ch0603
ADDED from src/main/AndroidManifest.xml:43:9-51:20
	android:label
		ADDED from src/main/AndroidManifest.xml:45:13-47
	android:name
		ADDED from src/main/AndroidManifest.xml:44:13-35
activity#jp.co.se.android.recipe.chapter06.Ch0604
ADDED from src/main/AndroidManifest.xml:52:9-60:20
	android:label
		ADDED from src/main/AndroidManifest.xml:54:13-47
	android:name
		ADDED from src/main/AndroidManifest.xml:53:13-35
activity#jp.co.se.android.recipe.chapter06.Ch0605
ADDED from src/main/AndroidManifest.xml:61:9-69:20
	android:label
		ADDED from src/main/AndroidManifest.xml:63:13-47
	android:name
		ADDED from src/main/AndroidManifest.xml:62:13-35
activity#jp.co.se.android.recipe.chapter06.Ch0606
ADDED from src/main/AndroidManifest.xml:70:9-78:20
	android:label
		ADDED from src/main/AndroidManifest.xml:72:13-47
	android:name
		ADDED from src/main/AndroidManifest.xml:71:13-35
activity#jp.co.se.android.recipe.chapter06.Ch0607
ADDED from src/main/AndroidManifest.xml:79:9-87:20
	android:label
		ADDED from src/main/AndroidManifest.xml:81:13-47
	android:name
		ADDED from src/main/AndroidManifest.xml:80:13-35
activity#jp.co.se.android.recipe.chapter06.Ch0608
ADDED from src/main/AndroidManifest.xml:88:9-96:20
	android:label
		ADDED from src/main/AndroidManifest.xml:90:13-47
	android:name
		ADDED from src/main/AndroidManifest.xml:89:13-35
activity#jp.co.se.android.recipe.chapter06.Ch0609
ADDED from src/main/AndroidManifest.xml:97:9-105:20
	android:label
		ADDED from src/main/AndroidManifest.xml:99:13-47
	android:name
		ADDED from src/main/AndroidManifest.xml:98:13-35
activity#jp.co.se.android.recipe.chapter06.Ch0610
ADDED from src/main/AndroidManifest.xml:106:9-114:20
	android:label
		ADDED from src/main/AndroidManifest.xml:108:13-48
	android:name
		ADDED from src/main/AndroidManifest.xml:107:13-35
activity#jp.co.se.android.recipe.chapter06.Ch0611
ADDED from src/main/AndroidManifest.xml:115:9-124:20
	android:label
		ADDED from src/main/AndroidManifest.xml:117:13-48
	android:theme
		ADDED from src/main/AndroidManifest.xml:118:13-48
	android:name
		ADDED from src/main/AndroidManifest.xml:116:13-35
activity#jp.co.se.android.recipe.chapter06.Ch0612
ADDED from src/main/AndroidManifest.xml:125:9-133:20
	android:label
		ADDED from src/main/AndroidManifest.xml:127:13-48
	android:name
		ADDED from src/main/AndroidManifest.xml:126:13-35
activity#jp.co.se.android.recipe.chapter06.Ch0613
ADDED from src/main/AndroidManifest.xml:134:9-142:20
	android:label
		ADDED from src/main/AndroidManifest.xml:136:13-48
	android:name
		ADDED from src/main/AndroidManifest.xml:135:13-35
activity#jp.co.se.android.recipe.chapter06.Ch0614
ADDED from src/main/AndroidManifest.xml:143:9-151:20
	android:label
		ADDED from src/main/AndroidManifest.xml:145:13-48
	android:name
		ADDED from src/main/AndroidManifest.xml:144:13-35
activity#jp.co.se.android.recipe.chapter06.Ch0615
ADDED from src/main/AndroidManifest.xml:152:9-160:20
	android:label
		ADDED from src/main/AndroidManifest.xml:154:13-48
	android:name
		ADDED from src/main/AndroidManifest.xml:153:13-35
activity#jp.co.se.android.recipe.chapter06.Ch0616
ADDED from src/main/AndroidManifest.xml:161:9-169:20
	android:label
		ADDED from src/main/AndroidManifest.xml:163:13-48
	android:name
		ADDED from src/main/AndroidManifest.xml:162:13-35